<?xml version="1.0" encoding="UTF-8"?>
<testsuite name="DemoTest" tests="1" skipped="0" failures="0" errors="0" timestamp="2019-07-13T12:53:14" hostname="ZHA-ITA066-W10" time="0.085">
  <properties/>
  <testcase name="testMockClass" classname="DemoTest" time="0.085"/>
  <system-out><![CDATA[]]></system-out>
  <system-err><![CDATA[]]></system-err>
</testsuite>
